<?xml version="1.0" encoding="UTF-8"?>
<!-- Generated by org.testng.reporters.JUnitReportReporter -->
<testsuite hostname="adevinen-lap1" name="com.amazon.test.AddBestSell_Unique_ItemstoCart" tests="2" failures="0" timestamp="14 Aug 2019 11:01:20 GMT" time="34.931" errors="0">
  <testcase name="amazonadditems" time="29.145" classname="com.amazon.test.AddBestSell_Unique_ItemstoCart"/>
  <testcase name="amazonlogin" time="5.786" classname="com.amazon.test.AddBestSell_Unique_ItemstoCart"/>
</testsuite> <!-- com.amazon.test.AddBestSell_Unique_ItemstoCart -->
