<?xml version="1.0" encoding="UTF-8"?>
<!-- Generated by org.testng.reporters.JUnitReportReporter -->
<testsuite hostname="adevinen-lap1" name="com.amazon.test.AddBestsellItemstoCart_WithDuplicates" tests="2" failures="0" timestamp="14 Aug 2019 11:02:52 GMT" time="42.739" errors="0">
  <testcase name="amazonadditems" time="35.884" classname="com.amazon.test.AddBestsellItemstoCart_WithDuplicates"/>
  <testcase name="amazonlogin" time="6.855" classname="com.amazon.test.AddBestsellItemstoCart_WithDuplicates"/>
</testsuite> <!-- com.amazon.test.AddBestsellItemstoCart_WithDuplicates -->
